<?xml version="1.0" encoding="UTF-8"?>
<testsuite xmlns:xsi="http://www.w3.org/2001/XMLSchema-instance" xsi:noNamespaceSchemaLocation="https://maven.apache.org/surefire/maven-surefire-plugin/xsd/surefire-test-report-3.0.xsd" version="3.0" name="TestSuite" time="36.335" tests="16" errors="0" skipped="0" failures="0">
  <properties>
    <property name="java.specification.version" value="18"/>
    <property name="sun.cpu.isalist" value="amd64"/>
    <property name="sun.jnu.encoding" value="Cp1252"/>
    <property name="java.class.path" value="C:\Users\ganes\eclipse-workspace\PlaywrightFramework\target\test-classes;C:\Users\ganes\eclipse-workspace\PlaywrightFramework\target\classes;C:\Users\ganes\.m2\repository\com\microsoft\playwright\playwright\1.28.0\playwright-1.28.0.jar;C:\Users\ganes\.m2\repository\com\google\code\gson\gson\2.8.9\gson-2.8.9.jar;C:\Users\ganes\.m2\repository\org\opentest4j\opentest4j\1.2.0\opentest4j-1.2.0.jar;C:\Users\ganes\.m2\repository\com\microsoft\playwright\driver\1.28.0\driver-1.28.0.jar;C:\Users\ganes\.m2\repository\com\microsoft\playwright\driver-bundle\1.28.0\driver-bundle-1.28.0.jar;C:\Users\ganes\.m2\repository\com\aventstack\extentreports\5.0.9\extentreports-5.0.9.jar;C:\Users\ganes\.m2\repository\io\reactivex\rxjava3\rxjava\3.0.4\rxjava-3.0.4.jar;C:\Users\ganes\.m2\repository\org\reactivestreams\reactive-streams\1.0.3\reactive-streams-1.0.3.jar;C:\Users\ganes\.m2\repository\org\freemarker\freemarker\2.3.30\freemarker-2.3.30.jar;C:\Users\ganes\.m2\repository\org\testng\testng\7.6.1\testng-7.6.1.jar;C:\Users\ganes\.m2\repository\com\google\code\findbugs\jsr305\3.0.2\jsr305-3.0.2.jar;C:\Users\ganes\.m2\repository\org\slf4j\slf4j-api\1.7.36\slf4j-api-1.7.36.jar;C:\Users\ganes\.m2\repository\com\beust\jcommander\1.82\jcommander-1.82.jar;C:\Users\ganes\.m2\repository\org\webjars\jquery\3.6.0\jquery-3.6.0.jar;C:\Users\ganes\.m2\repository\org\projectlombok\lombok\1.18.22\lombok-1.18.22.jar;C:\Users\ganes\.m2\repository\com\apple\AppleJavaExtensions\1.4\AppleJavaExtensions-1.4.jar;"/>
    <property name="java.vm.vendor" value="Oracle Corporation"/>
    <property name="sun.arch.data.model" value="64"/>
    <property name="user.variant" value=""/>
    <property name="java.vendor.url" value="https://java.oracle.com/"/>
    <property name="user.timezone" value="Asia/Calcutta"/>
    <property name="os.name" value="Windows 10"/>
    <property name="java.vm.specification.version" value="18"/>
    <property name="sun.java.launcher" value="SUN_STANDARD"/>
    <property name="user.country" value="IN"/>
    <property name="sun.boot.library.path" value="C:\Program Files\Java\jdk-18.0.2.1\bin"/>
    <property name="sun.java.command" value="C:\Users\ganes\AppData\Local\Temp\surefire17299978492977774939\surefirebooter-20221216154907822_3.jar C:\Users\ganes\AppData\Local\Temp\surefire17299978492977774939 2022-12-16T15-49-07_177-jvmRun1 surefire-20221216154907822_1tmp surefire_0-20221216154907822_2tmp"/>
    <property name="jdk.debug" value="release"/>
    <property name="surefire.test.class.path" value="C:\Users\ganes\eclipse-workspace\PlaywrightFramework\target\test-classes;C:\Users\ganes\eclipse-workspace\PlaywrightFramework\target\classes;C:\Users\ganes\.m2\repository\com\microsoft\playwright\playwright\1.28.0\playwright-1.28.0.jar;C:\Users\ganes\.m2\repository\com\google\code\gson\gson\2.8.9\gson-2.8.9.jar;C:\Users\ganes\.m2\repository\org\opentest4j\opentest4j\1.2.0\opentest4j-1.2.0.jar;C:\Users\ganes\.m2\repository\com\microsoft\playwright\driver\1.28.0\driver-1.28.0.jar;C:\Users\ganes\.m2\repository\com\microsoft\playwright\driver-bundle\1.28.0\driver-bundle-1.28.0.jar;C:\Users\ganes\.m2\repository\com\aventstack\extentreports\5.0.9\extentreports-5.0.9.jar;C:\Users\ganes\.m2\repository\io\reactivex\rxjava3\rxjava\3.0.4\rxjava-3.0.4.jar;C:\Users\ganes\.m2\repository\org\reactivestreams\reactive-streams\1.0.3\reactive-streams-1.0.3.jar;C:\Users\ganes\.m2\repository\org\freemarker\freemarker\2.3.30\freemarker-2.3.30.jar;C:\Users\ganes\.m2\repository\org\testng\testng\7.6.1\testng-7.6.1.jar;C:\Users\ganes\.m2\repository\com\google\code\findbugs\jsr305\3.0.2\jsr305-3.0.2.jar;C:\Users\ganes\.m2\repository\org\slf4j\slf4j-api\1.7.36\slf4j-api-1.7.36.jar;C:\Users\ganes\.m2\repository\com\beust\jcommander\1.82\jcommander-1.82.jar;C:\Users\ganes\.m2\repository\org\webjars\jquery\3.6.0\jquery-3.6.0.jar;C:\Users\ganes\.m2\repository\org\projectlombok\lombok\1.18.22\lombok-1.18.22.jar;C:\Users\ganes\.m2\repository\com\apple\AppleJavaExtensions\1.4\AppleJavaExtensions-1.4.jar;"/>
    <property name="sun.cpu.endian" value="little"/>
    <property name="user.home" value="C:\Users\ganes"/>
    <property name="user.language" value="en"/>
    <property name="java.specification.vendor" value="Oracle Corporation"/>
    <property name="java.version.date" value="2022-08-18"/>
    <property name="java.home" value="C:\Program Files\Java\jdk-18.0.2.1"/>
    <property name="file.separator" value="\"/>
    <property name="basedir" value="C:\Users\ganes\eclipse-workspace\PlaywrightFramework"/>
    <property name="style.color" value="always"/>
    <property name="java.vm.compressedOopsMode" value="Zero based"/>
    <property name="line.separator" value="&#10;"/>
    <property name="java.vm.specification.vendor" value="Oracle Corporation"/>
    <property name="java.specification.name" value="Java Platform API Specification"/>
    <property name="surefire.real.class.path" value="C:\Users\ganes\AppData\Local\Temp\surefire17299978492977774939\surefirebooter-20221216154907822_3.jar"/>
    <property name="user.script" value=""/>
    <property name="sun.management.compiler" value="HotSpot 64-Bit Tiered Compilers"/>
    <property name="java.runtime.version" value="18.0.2.1+1-1"/>
    <property name="user.name" value="ganes"/>
    <property name="path.separator" value=";"/>
    <property name="os.version" value="10.0"/>
    <property name="java.runtime.name" value="Java(TM) SE Runtime Environment"/>
    <property name="file.encoding" value="UTF-8"/>
    <property name="java.vm.name" value="Java HotSpot(TM) 64-Bit Server VM"/>
    <property name="localRepository" value="C:\Users\ganes\.m2\repository"/>
    <property name="java.vendor.url.bug" value="https://bugreport.java.com/bugreport/"/>
    <property name="java.io.tmpdir" value="C:\Users\ganes\AppData\Local\Temp\"/>
    <property name="java.version" value="18.0.2.1"/>
    <property name="user.dir" value="C:\Users\ganes\eclipse-workspace\PlaywrightFramework"/>
    <property name="os.arch" value="amd64"/>
    <property name="java.vm.specification.name" value="Java Virtual Machine Specification"/>
    <property name="sun.os.patch.level" value=""/>
    <property name="native.encoding" value="Cp1252"/>
    <property name="java.library.path" value="C:\Program Files\Java\jdk-18.0.2.1\bin;C:\WINDOWS\Sun\Java\bin;C:\WINDOWS\system32;C:\WINDOWS;C:\Program Files\Common Files\Oracle\Java\javapath;C:\WINDOWS\system32;C:\WINDOWS;C:\WINDOWS\System32\Wbem;C:\WINDOWS\System32\WindowsPowerShell\v1.0\;C:\WINDOWS\System32\OpenSSH\;C:\Program Files\Git\cmd;C:\Program Files\Docker\Docker\resources\bin;C:\minikube;C:\Program Files\Kubernetes\Minikube;D:\kubernetes\kubectl;C:\Program Files\apache-maven-3.8.6\bin;C:\Program Files\Java\jdk-18.0.2.1\bin;C:\Users\ganes\AppData\Local\Microsoft\WindowsApps;;."/>
    <property name="java.vm.info" value="mixed mode, sharing"/>
    <property name="java.vendor" value="Oracle Corporation"/>
    <property name="java.vm.version" value="18.0.2.1+1-1"/>
    <property name="sun.io.unicode.encoding" value="UnicodeLittle"/>
    <property name="java.class.version" value="62.0"/>
  </properties>
  <testcase name="homePageTitleTest" classname="com.qa.opencart.tests.HomePageTest" time="0.074">
    <system-out><![CDATA[...
... TestNG 7.6.1 by CÃ©dric Beust (cedric@beust.com)
...

Test Suite started!
Test Suite started!
Test Suite started!
Test Suite started!
browser name= edge
browser name= chromium
browser name= firefox
browser name= chrome
loginPageNavigationTest started!
homePageTitleTest started!
home page title: Your Store
homePageTitleTest passed!
]]></system-out>
    <system-err><![CDATA[SLF4J: Failed to load class "org.slf4j.impl.StaticLoggerBinder".
SLF4J: Defaulting to no-operation (NOP) logger implementation
SLF4J: See http://www.slf4j.org/codes.html#StaticLoggerBinder for further details.
]]></system-err>
  </testcase>
  <testcase name="homePageTitleTest" classname="com.qa.opencart.tests.HomePageTest" time="0.032">
    <system-out><![CDATA[Test Suite is ending!
Test Suite is ending!
Test Suite is ending!
homePageTitleTest started!
home page title: Your Store
homePageTitleTest passed!
]]></system-out>
  </testcase>
  <testcase name="homePageUrlTest" classname="com.qa.opencart.tests.HomePageTest" time="0.009">
    <system-out><![CDATA[homePageUrlTest started!
home page url: https://naveenautomationlabs.com/opencart/
homePageUrlTest passed!
]]></system-out>
  </testcase>
  <testcase name="homePageUrlTest" classname="com.qa.opencart.tests.HomePageTest" time="0.005">
    <system-out><![CDATA[homePageUrlTest started!
home page url: https://naveenautomationlabs.com/opencart/
homePageUrlTest passed!
]]></system-out>
  </testcase>
  <testcase name="searchTest[Macbook](1)" classname="com.qa.opencart.tests.HomePageTest" time="0.464">
    <system-out><![CDATA[appLoginTest started!
loginPageNavigationTest started!
searchTest passed!
]]></system-out>
  </testcase>
  <testcase name="searchTest[Macbook](1)" classname="com.qa.opencart.tests.HomePageTest" time="1.138">
    <system-out><![CDATA[searchTest started!
searchTest passed!
]]></system-out>
  </testcase>
  <testcase name="searchTest[iphone](2)" classname="com.qa.opencart.tests.HomePageTest" time="0.235">
    <system-out><![CDATA[forgotPwdLinkWxistTest started!
searchTest passed!
]]></system-out>
  </testcase>
  <testcase name="searchTest[iphone](2)" classname="com.qa.opencart.tests.HomePageTest" time="0.799">
    <system-out><![CDATA[searchTest started!
searchTest passed!
]]></system-out>
  </testcase>
  <testcase name="searchTest[Samsung](3)" classname="com.qa.opencart.tests.HomePageTest" time="1.095">
    <system-out><![CDATA[appLoginTest started!
searchTest passed!
]]></system-out>
  </testcase>
  <testcase name="searchTest[Samsung](3)" classname="com.qa.opencart.tests.HomePageTest" time="0.822">
    <system-out><![CDATA[searchTest started!
searchTest passed!
]]></system-out>
  </testcase>
  <testcase name="loginPageNavigationTest" classname="com.qa.opencart.tests.LoginPageTest" time="0.6">
    <system-out><![CDATA[searchTest started!
page actual title is: Account Login
loginPageNavigationTest passed!
]]></system-out>
  </testcase>
  <testcase name="loginPageNavigationTest" classname="com.qa.opencart.tests.LoginPageTest" time="1.447">
    <system-out><![CDATA[page actual title is: Account Login
loginPageNavigationTest passed!
]]></system-out>
  </testcase>
  <testcase name="forgotPwdLinkWxistTest" classname="com.qa.opencart.tests.LoginPageTest" time="0.073">
    <system-out><![CDATA[forgotPwdLinkWxistTest started!
forgotPwdLinkWxistTest passed!
]]></system-out>
  </testcase>
  <testcase name="forgotPwdLinkWxistTest" classname="com.qa.opencart.tests.LoginPageTest" time="0.039">
    <system-out><![CDATA[searchTest started!
forgotPwdLinkWxistTest passed!
]]></system-out>
  </testcase>
  <testcase name="appLoginTest" classname="com.qa.opencart.tests.LoginPageTest" time="1.418">
    <system-out><![CDATA[searchTest started!
User has Logged in successfully 
appLoginTest passed!
]]></system-out>
  </testcase>
  <testcase name="appLoginTest" classname="com.qa.opencart.tests.LoginPageTest" time="1.948">
    <system-out><![CDATA[User has Logged in successfully 
appLoginTest passed!
]]></system-out>
  </testcase>
</testsuite>