<?xml version="1.0" encoding="UTF-8"?>
<!-- Generated by org.testng.reporters.JUnitReportReporter -->
<testsuite hostname="DESKTOP-5HDMOT8" failures="0" tests="1" name="com.qa.opencart.base.BaseTest" time="18.829" errors="1" timestamp="2022-12-12T11:41:25 IST" skipped="0">
  <testcase classname="com.qa.opencart.base.BaseTest" name="setup" time="18.829">
    <error message="Error {
  message=&#039;net::ERR_NETWORK_CHANGED at https://naveenautomationlabs.com/opencart/
=========================== logs ===========================
navigating to &quot;https://naveenautomationlabs.com/opencart/&quot;, waiting until &quot;load&quot;
============================================================
  name=&#039;Error
  stack=&#039;Error: net::ERR_NETWORK_CHANGED at https://naveenautomationlabs.com/opencart/
=========================== logs ===========================
navigating to &quot;https://naveenautomationlabs.com/opencart/&quot;, waiting until &quot;load&quot;
============================================================
    at FrameSession._navigate (C:\Users\ganes\AppData\Local\Temp\playwright-java-11856700740183535120\package\lib\server\chromium\crPage.js:509:35)
    at runNextTicks (node:internal/process/task_queues:61:5)
    at processImmediate (node:internal/timers:437:9)
    at async Frame._gotoAction (C:\Users\ganes\AppData\Local\Temp\playwright-java-11856700740183535120\package\lib\server\frames.js:542:28)
    at async ProgressController.run (C:\Users\ganes\AppData\Local\Temp\playwright-java-11856700740183535120\package\lib\server\progress.js:92:22)
    at async FrameDispatcher.goto (C:\Users\ganes\AppData\Local\Temp\playwright-java-11856700740183535120\package\lib\server\dispatchers\frameDispatcher.js:75:103)
    at async DispatcherConnection.dispatch (C:\Users\ganes\AppData\Local\Temp\playwright-java-11856700740183535120\package\lib\server\dispatchers\dispatcher.js:317:22)
}" type="com.microsoft.playwright.PlaywrightException">
      <![CDATA[com.microsoft.playwright.PlaywrightException: Error {
  message='net::ERR_NETWORK_CHANGED at https://naveenautomationlabs.com/opencart/
=========================== logs ===========================
navigating to "https://naveenautomationlabs.com/opencart/", waiting until "load"
============================================================
  name='Error
  stack='Error: net::ERR_NETWORK_CHANGED at https://naveenautomationlabs.com/opencart/
=========================== logs ===========================
navigating to "https://naveenautomationlabs.com/opencart/", waiting until "load"
============================================================
    at FrameSession._navigate (C:\Users\ganes\AppData\Local\Temp\playwright-java-11856700740183535120\package\lib\server\chromium\crPage.js:509:35)
    at runNextTicks (node:internal/process/task_queues:61:5)
    at processImmediate (node:internal/timers:437:9)
    at async Frame._gotoAction (C:\Users\ganes\AppData\Local\Temp\playwright-java-11856700740183535120\package\lib\server\frames.js:542:28)
    at async ProgressController.run (C:\Users\ganes\AppData\Local\Temp\playwright-java-11856700740183535120\package\lib\server\progress.js:92:22)
    at async FrameDispatcher.goto (C:\Users\ganes\AppData\Local\Temp\playwright-java-11856700740183535120\package\lib\server\dispatchers\frameDispatcher.js:75:103)
    at async DispatcherConnection.dispatch (C:\Users\ganes\AppData\Local\Temp\playwright-java-11856700740183535120\package\lib\server\dispatchers\dispatcher.js:317:22)
}
at com.microsoft.playwright.impl.WaitableResult.get(WaitableResult.java:54)
at com.microsoft.playwright.impl.ChannelOwner.runUntil(ChannelOwner.java:111)
at com.microsoft.playwright.impl.Connection.sendMessage(Connection.java:119)
at com.microsoft.playwright.impl.ChannelOwner.sendMessage(ChannelOwner.java:102)
at com.microsoft.playwright.impl.FrameImpl.navigateImpl(FrameImpl.java:462)
at com.microsoft.playwright.impl.PageImpl.lambda$navigate$44(PageImpl.java:845)
at com.microsoft.playwright.impl.LoggingSupport.withLogging(LoggingSupport.java:47)
at com.microsoft.playwright.impl.ChannelOwner.withLogging(ChannelOwner.java:87)
at com.microsoft.playwright.impl.PageImpl.navigate(PageImpl.java:845)
at com.microsoft.playwright.impl.PageImpl.navigate(PageImpl.java:41)
at com.microsoft.playwright.Page.navigate(Page.java:4863)
at com.qa.opncart.factory.PlaywrightFactory.initBrowser(PlaywrightFactory.java:85)
at com.qa.opencart.base.BaseTest.setup(BaseTest.java:26)
at java.base/jdk.internal.reflect.DirectMethodHandleAccessor.invoke(DirectMethodHandleAccessor.java:104)
at java.base/java.lang.reflect.Method.invoke(Method.java:577)
at org.testng.internal.invokers.MethodInvocationHelper.invokeMethod(MethodInvocationHelper.java:139)
at org.testng.internal.invokers.MethodInvocationHelper.invokeMethodConsideringTimeout(MethodInvocationHelper.java:69)
at org.testng.internal.invokers.ConfigInvoker.invokeConfigurationMethod(ConfigInvoker.java:361)
at org.testng.internal.invokers.ConfigInvoker.invokeConfigurations(ConfigInvoker.java:296)
at org.testng.TestRunner.invokeTestConfigurations(TestRunner.java:643)
at org.testng.TestRunner.beforeRun(TestRunner.java:632)
at org.testng.TestRunner.run(TestRunner.java:594)
at org.testng.SuiteRunner.runTest(SuiteRunner.java:433)
at org.testng.SuiteRunner.runSequentially(SuiteRunner.java:427)
at org.testng.SuiteRunner.privateRun(SuiteRunner.java:387)
at org.testng.SuiteRunner.run(SuiteRunner.java:330)
at org.testng.SuiteRunnerWorker.runSuite(SuiteRunnerWorker.java:52)
at org.testng.SuiteRunnerWorker.run(SuiteRunnerWorker.java:95)
at org.testng.TestNG.runSuitesSequentially(TestNG.java:1256)
at org.testng.TestNG.runSuitesLocally(TestNG.java:1176)
at org.testng.TestNG.runSuites(TestNG.java:1099)
at org.testng.TestNG.run(TestNG.java:1067)
at org.apache.maven.surefire.testng.TestNGExecutor.run(TestNGExecutor.java:135)
at org.apache.maven.surefire.testng.TestNGDirectoryTestSuite.executeMulti(TestNGDirectoryTestSuite.java:193)
at org.apache.maven.surefire.testng.TestNGDirectoryTestSuite.execute(TestNGDirectoryTestSuite.java:94)
at org.apache.maven.surefire.testng.TestNGProvider.invoke(TestNGProvider.java:146)
at org.apache.maven.surefire.booter.ForkedBooter.invokeProviderInSameClassLoader(ForkedBooter.java:384)
at org.apache.maven.surefire.booter.ForkedBooter.runSuitesInProcess(ForkedBooter.java:345)
at org.apache.maven.surefire.booter.ForkedBooter.execute(ForkedBooter.java:126)
at org.apache.maven.surefire.booter.ForkedBooter.main(ForkedBooter.java:418)
Caused by: com.microsoft.playwright.impl.DriverException: Error {
  message='net::ERR_NETWORK_CHANGED at https://naveenautomationlabs.com/opencart/
=========================== logs ===========================
navigating to "https://naveenautomationlabs.com/opencart/", waiting until "load"
============================================================
  name='Error
  stack='Error: net::ERR_NETWORK_CHANGED at https://naveenautomationlabs.com/opencart/
=========================== logs ===========================
navigating to "https://naveenautomationlabs.com/opencart/", waiting until "load"
============================================================
    at FrameSession._navigate (C:\Users\ganes\AppData\Local\Temp\playwright-java-11856700740183535120\package\lib\server\chromium\crPage.js:509:35)
    at runNextTicks (node:internal/process/task_queues:61:5)
    at processImmediate (node:internal/timers:437:9)
    at async Frame._gotoAction (C:\Users\ganes\AppData\Local\Temp\playwright-java-11856700740183535120\package\lib\server\frames.js:542:28)
    at async ProgressController.run (C:\Users\ganes\AppData\Local\Temp\playwright-java-11856700740183535120\package\lib\server\progress.js:92:22)
    at async FrameDispatcher.goto (C:\Users\ganes\AppData\Local\Temp\playwright-java-11856700740183535120\package\lib\server\dispatchers\frameDispatcher.js:75:103)
    at async DispatcherConnection.dispatch (C:\Users\ganes\AppData\Local\Temp\playwright-java-11856700740183535120\package\lib\server\dispatchers\dispatcher.js:317:22)
}
at com.microsoft.playwright.impl.Connection.dispatch(Connection.java:201)
at com.microsoft.playwright.impl.Connection.processOneMessage(Connection.java:181)
at com.microsoft.playwright.impl.ChannelOwner.runUntil(ChannelOwner.java:109)
... 38 more
]]>
    </error>
  </testcase> <!-- setup -->
  <system-out/>
</testsuite> <!-- com.qa.opencart.base.BaseTest -->
